[['100010010100000110010110000011011000']]
<class 'numpy.ndarray'>
<class 'numpy.ndarray'>
+++++++_______------ 010110000011011000100010010100000110
[['010110000011011000100010010100000110']]
<class 'numpy.str_'>
str1: 100010010100000110010110000011011000
str2: 010110000011011000100010010100000110
10 0010010100000110010110000011011000
100110000011011000100010010100000110
temp: 100110000011011000100010010100000110
100010010100000110010110000011011000
tp_best:: 1
1
--------------------------------------------------@@#@#@#@#@#@
[1 2 3 4 5 6]
1
<class 'numpy.ndarray'>
[['100010010100000110010110000011011000']]
+++++++++ 1
['100010010100000110010110000011011000'
 '010110000011011000100010010100000110'
 '100010010100000110010110000011011000']
3
011101101011111001101001111100100111
15 0.923
0.879 0.923
0 15
1 0.879
True
False
True
[-0.12438917  0.69094407  0.06132045 -0.65100207  0.40368819 -0.54833895
 -0.14817606 -0.51525589 -0.09905153  0.26049874  0.29011572  1.02804307
 -0.00287922  0.58777696 -0.4176783   0.40875697 -0.58206403 -0.22476363
  0.36069435 -0.61237784  0.10998487 -0.72767471 -0.38559936  0.45684864
 -0.70295903 -1.00494945 -0.04745741 -0.62436522 -0.49244635  0.33553409
  0.00270616  0.21282108  0.21182518  0.0762114   0.0421989  -0.55931134
 -0.74069984 -0.83370819  0.99059582 -0.75682829  0.09319389 -0.55996913
 -0.67301914 -0.25862799  0.34960813 -0.23259112  0.0718393   1.00095628
 -0.17308768  0.01083884  0.2149307   0.57017716  1.2125744   0.43144037
  0.24424133  0.81342547 -0.48992785  0.17914513 -0.66946076  0.66027697
  0.60052802  0.13775826 -0.15481695  0.69258198  0.60347527 -0.03644276
  1.11536345  0.5942456  -0.11397832  0.54399738  0.04700835 -0.66596416
 -0.25595833 -0.55755074 -0.23352126  0.2741628  -0.27014666 -0.86231797
  0.26359705  0.25514995  0.33943148 -0.83760034  0.4108666   0.07849389
 -0.57444866 -0.33617113  0.85182453  0.42151912 -0.62430518  0.64581612
  0.43222333  0.35799264  0.40836424  0.18796355  0.64247392  0.20003591
 -0.30056709  0.50410834 -0.85466156 -0.39030087]
-1
